<?xml version="1.0" encoding="utf-8"?><testsuites><testsuite errors="0" failures="0" hostname="Kepler" name="pytest" skipped="0" tests="3" time="43.097" timestamp="2020-05-23T20:00:02.672917"><testcase classname="test_HomePage.TestHomePage" file="test_HomePage.py" line="12" name="test_formSubmission[getData0]" time="20.472"></testcase><testcase classname="test_HomePage.TestHomePage" file="test_HomePage.py" line="12" name="test_formSubmission[getData1]" time="5.006"></testcase><testcase classname="test_e2e.TestOne" file="test_e2e.py" line="7" name="test_e2e" time="17.540"></testcase></testsuite></testsuites>